0.028580 142
11.502502 147
0.200029 1
0.365599 2
0.003037 28
0.001766 142
1.390083 1
0.245720 1
0.232154 1
0.205248 1
0.437638 1
0.152405 1
0.188108 1
0.596635 4
0.124621 1
0.233501 1
0.416180 1
0.170427 1
0.211128 1
0.671496 4
0.168918 4
0.229118 1
0.613078 4
0.324243 1
0.772689 4
0.660287 4
0.041168 4
0.040806 4
0.041423 4
0.041161 4
0.040565 4
0.040639 4
0.040200 4
0.040597 4
0.040918 1
0.040844 1
0.040884 1
0.040717 1
0.040162 1
0.041225 1
2.892742 1
1.275772 4
0.194333 1
7.270489 1
0.554593 4
0.199887 1
0.243449 1
0.956368 4
0.175568 4
1.997274 1
0.224100 1
0.300323 1
0.297397 1
0.486889 2
0.001448 44
0.001698 142
1.306309 4
0.260366 2
0.001896 44
0.001615 142
1.503847 1
1.184061 1
0.403796 1
0.339997 1
1.237798 8
